#
# There is insufficient memory for the Java Runtime Environment to continue.
# Native memory allocation (mmap) failed to map 53477376 bytes for Failed to commit area from 0x000000074dc00000 to 0x0000000750f00000 of length 53477376.
# Possible reasons:
#   The system is out of physical RAM or swap space
#   The process is running with CompressedOops enabled, and the Java Heap may be blocking the growth of the native heap
# Possible solutions:
#   Reduce memory load on the system
#   Increase physical memory or swap space
#   Check if swap backing store is full
#   Decrease Java heap size (-Xmx/-Xms)
#   Decrease number of Java threads
#   Decrease Java thread stack sizes (-Xss)
#   Set larger code cache with -XX:ReservedCodeCacheSize=
#   JVM is running with Zero Based Compressed Oops mode in which the Java heap is
#     placed in the first 32GB address space. The Java Heap base address is the
#     maximum limit for the native heap growth. Please use -XX:HeapBaseMinAddress
#     to set the Java Heap base and to place the Java Heap above 32GB virtual address.
# This output file may be truncated or incomplete.
#
#  Out of Memory Error (c:/tools/cygwin/home/Administrator/development/Corretto11Src/src/src/hotspot/os/windows/os_windows.cpp:3281), pid=2152, tid=18624
#
# JRE version: OpenJDK Runtime Environment (11.0.4+11) (build 11.0.4+11-LTS)
# Java VM: OpenJDK 64-Bit Server VM (11.0.4+11-LTS, mixed mode, tiered, compressed oops, g1 gc, windows-amd64)
# No core dump will be written. Minidumps are not enabled by default on client versions of Windows
#

---------------  S U M M A R Y ------------

Command Line: C:\Users\Victor\AppData\Local\Temp\surefire13882554316220833943\surefirebooter16569995048725667462.jar C:\Users\Victor\AppData\Local\Temp\surefire13882554316220833943 2020-02-11T18-51-28_034-jvmRun1 surefire11571546485242901216tmp surefire_011926857902713381302tmp

Host: Intel(R) Core(TM) i7-4510U CPU @ 2.00GHz, 4 cores, 11G,  Windows 10 , 64 bit Build 18362 (10.0.18362.329)
Time: Tue Feb 11 17:51:32 2020 E. South America Standard Time elapsed time: 3 seconds (0d 0h 0m 3s)

---------------  T H R E A D  ---------------

Current thread (0x000001c67f43a800):  VMThread "VM Thread" [stack: 0x00000063a0200000,0x00000063a0300000] [id=18624]

Stack: [0x00000063a0200000,0x00000063a0300000]
[error occurred during error reporting (printing stack bounds), id 0xc0000005, EXCEPTION_ACCESS_VIOLATION (0xc0000005) at pc=0x000001c600000bad]

Native frames: (J=compiled Java code, j=interpreted, Vv=VM code, C=native code)
V  [jvm.dll+0x5d700a]
V  [jvm.dll+0x70bc6e]
V  [jvm.dll+0x70d2fb]
V  [jvm.dll+0x70d925]
V  [jvm.dll+0x70d8db]
V  [jvm.dll+0x5d68f3]
V  [jvm.dll+0x5d6cb8]
C  [ntdll.dll+0xa11ff]
C  [ntdll.dll+0x6a289]
C  [ntdll.dll+0x9fe6e]
C  0x000001c600000bad

VM_Operation (0x00000063a0efe800): G1CollectForAllocation, mode: safepoint, requested by thread 0x000001c6113d3800


---------------  P R O C E S S  ---------------

Threads class SMR info:
_java_thread_list=0x000001c612a08380, length=13, elements={
0x000001c66f7e5000, 0x000001c67f441800, 0x000001c611028800, 0x000001c611087800,
0x000001c611088000, 0x000001c61108a000, 0x000001c611035800, 0x000001c611037000,
0x000001c6111d8800, 0x000001c6111e2000, 0x000001c611267000, 0x000001c6113d3800,
0x000001c611f89000
}

Java Threads: ( => current thread )
  0x000001c66f7e5000 JavaThread "main" [_thread_blocked, id=2960, stack(0x000000639fc00000,0x000000639fd00000)]
  0x000001c67f441800 JavaThread "Reference Handler" daemon [_thread_blocked, id=11352, stack(0x00000063a0300000,0x00000063a0400000)]
  0x000001c611028800 JavaThread "Finalizer" daemon [_thread_blocked, id=19632, stack(0x00000063a0400000,0x00000063a0500000)]
  0x000001c611087800 JavaThread "Signal Dispatcher" daemon [_thread_blocked, id=19500, stack(0x00000063a0500000,0x00000063a0600000)]
  0x000001c611088000 JavaThread "Attach Listener" daemon [_thread_blocked, id=18040, stack(0x00000063a0600000,0x00000063a0700000)]
  0x000001c61108a000 JavaThread "C2 CompilerThread0" daemon [_thread_in_native, id=18240, stack(0x00000063a0700000,0x00000063a0800000)]
  0x000001c611035800 JavaThread "C1 CompilerThread0" daemon [_thread_blocked, id=17412, stack(0x00000063a0800000,0x00000063a0900000)]
  0x000001c611037000 JavaThread "Sweeper thread" daemon [_thread_blocked, id=20344, stack(0x00000063a0900000,0x00000063a0a00000)]
  0x000001c6111d8800 JavaThread "Service Thread" daemon [_thread_blocked, id=19748, stack(0x00000063a0a00000,0x00000063a0b00000)]
  0x000001c6111e2000 JavaThread "Common-Cleaner" daemon [_thread_blocked, id=11368, stack(0x00000063a0c00000,0x00000063a0d00000)]
  0x000001c611267000 JavaThread "surefire-forkedjvm-command-thread" daemon [_thread_in_native, id=16060, stack(0x00000063a0d00000,0x00000063a0e00000)]
  0x000001c6113d3800 JavaThread "surefire-forkedjvm-ping-30s" daemon [_thread_blocked, id=19072, stack(0x00000063a0e00000,0x00000063a0f00000)]
  0x000001c611f89000 JavaThread "background-preinit" [_thread_blocked, id=16988, stack(0x00000063a0f00000,0x00000063a1000000)]

Other Threads:
=>0x000001c67f43a800 VMThread "VM Thread" [stack: 0x00000063a0200000,0x00000063a0300000] [id=18624]
  0x000001c6111e1000 WatcherThread [stack: 0x00000063a0b00000,0x00000063a0c00000] [id=16172]
  0x000001c66f7fc800 GCTaskThread "GC Thread#0" [stack: 0x000000639fd00000,0x000000639fe00000] [id=13144]
  0x000001c611483800 GCTaskThread "GC Thread#1" [stack: 0x00000063a1000000,0x00000063a1100000] [id=2336]
  0x000001c611528000 GCTaskThread "GC Thread#2" [stack: 0x00000063a1100000,0x00000063a1200000] [id=12684]
  0x000001c611528800 GCTaskThread "GC Thread#3" [stack: 0x00000063a1200000,0x00000063a1300000] [id=17604]
  0x000001c66f843800 ConcurrentGCThread "G1 Main Marker" [stack: 0x000000639fe00000,0x000000639ff00000] [id=6612]
  0x000001c66f844800 ConcurrentGCThread "G1 Conc#0" [stack: 0x000000639ff00000,0x00000063a0000000] [id=7848]
  0x000001c66f8bd800 ConcurrentGCThread "G1 Refine#0" [stack: 0x00000063a0000000,0x00000063a0100000] [id=18252]
  0x000001c6112e8000 ConcurrentGCThread "G1 Refine#1" [stack: 0x00000063a1300000,0x00000063a1400000] [id=14304]
  0x000001c67f2a7800 ConcurrentGCThread "G1 Young RemSet Sampling" [stack: 0x00000063a0100000,0x00000063a0200000] [id=5920]

Threads with active compile tasks:
C2 CompilerThread02166       4       java.lang.invoke.LambdaForm$Name::replaceNames (174 bytes)

VM state:at safepoint (normal execution)

VM Mutex/Monitor currently owned by a thread:  ([mutex/lock_event])
[0x000001c66f7e28f0] Threads_lock - owner thread: 0x000001c67f43a800
[0x000001c66f7e27d0] Heap_lock - owner thread: 0x000001c6113d3800

Heap address: 0x0000000741c00000, size: 3044 MB, Compressed Oops mode: Zero based, Oop shift amount: 3
Narrow klass base: 0x0000000800000000, Narrow klass shift: 0
Compressed class space size: 1073741824 Address: 0x0000000800000000

Heap:
 garbage-first heap   total 248832K, used 11552K [0x0000000741c00000, 0x0000000800000000)
  region size 1024K, 5 young (5120K), 5 survivors (5120K)
 Metaspace       used 27584K, capacity 28399K, committed 28544K, reserved 1075200K
  class space    used 3276K, capacity 3642K, committed 3712K, reserved 1048576K
Heap Regions: E=young(eden), S=young(survivor), O=old, HS=humongous(starts), HC=humongous(continues), CS=collection set, F=free, A=archive, TAMS=top-at-mark-start (previous, next)
|   0|0x0000000741c00000, 0x0000000741d00000, 0x0000000741d00000|100%|HS|  |TAMS 0x0000000741d00000, 0x0000000741c00000| Complete 
|   1|0x0000000741d00000, 0x0000000741e00000, 0x0000000741e00000|100%| O|  |TAMS 0x0000000741e00000, 0x0000000741d00000| Untracked 
|   2|0x0000000741e00000, 0x0000000741f00000, 0x0000000741f00000|100%| O|  |TAMS 0x0000000741f00000, 0x0000000741e00000| Untracked 
|   3|0x0000000741f00000, 0x0000000742000000, 0x0000000742000000|100%| O|  |TAMS 0x0000000742000000, 0x0000000741f00000| Untracked 
|   4|0x0000000742000000, 0x0000000742100000, 0x0000000742100000|100%| O|  |TAMS 0x0000000742100000, 0x0000000742000000| Untracked 
|   5|0x0000000742100000, 0x0000000742200000, 0x0000000742200000|100%| O|  |TAMS 0x0000000742200000, 0x0000000742100000| Untracked 
|   6|0x0000000742200000, 0x00000007422bd400, 0x0000000742300000| 73%| O|  |TAMS 0x00000007422bd400, 0x0000000742200000| Untracked 
|   7|0x0000000742300000, 0x0000000742300000, 0x0000000742400000|  0%| F|  |TAMS 0x0000000742300000, 0x0000000742300000| Untracked 
|   8|0x0000000742400000, 0x0000000742400000, 0x0000000742500000|  0%| F|  |TAMS 0x0000000742400000, 0x0000000742400000| Untracked 
|   9|0x0000000742500000, 0x0000000742500000, 0x0000000742600000|  0%| F|  |TAMS 0x0000000742500000, 0x0000000742500000| Untracked 
|  10|0x0000000742600000, 0x0000000742600000, 0x0000000742700000|  0%| F|  |TAMS 0x0000000742600000, 0x0000000742600000| Untracked 
|  11|0x0000000742700000, 0x0000000742700000, 0x0000000742800000|  0%| F|  |TAMS 0x0000000742700000, 0x0000000742700000| Untracked 
|  12|0x0000000742800000, 0x0000000742800000, 0x0000000742900000|  0%| F|  |TAMS 0x0000000742800000, 0x0000000742800000| Untracked 
|  13|0x0000000742900000, 0x0000000742900000, 0x0000000742a00000|  0%| F|  |TAMS 0x0000000742900000, 0x0000000742900000| Untracked 
|  14|0x0000000742a00000, 0x0000000742a00000, 0x0000000742b00000|  0%| F|  |TAMS 0x0000000742a00000, 0x0000000742a00000| Untracked 
|  15|0x0000000742b00000, 0x0000000742b00000, 0x0000000742c00000|  0%| F|  |TAMS 0x0000000742b00000, 0x0000000742b00000| Untracked 
|  16|0x0000000742c00000, 0x0000000742c00000, 0x0000000742d00000|  0%| F|  |TAMS 0x0000000742c00000, 0x0000000742c00000| Untracked 
|  17|0x0000000742d00000, 0x0000000742d00000, 0x0000000742e00000|  0%| F|  |TAMS 0x0000000742d00000, 0x0000000742d00000| Untracked 
|  18|0x0000000742e00000, 0x0000000742e00000, 0x0000000742f00000|  0%| F|  |TAMS 0x0000000742e00000, 0x0000000742e00000| Untracked 
|  19|0x0000000742f00000, 0x0000000742f00000, 0x0000000743000000|  0%| F|  |TAMS 0x0000000742f00000, 0x0000000742f00000| Untracked 
|  20|0x0000000743000000, 0x0000000743000000, 0x0000000743100000|  0%| F|  |TAMS 0x0000000743000000, 0x0000000743000000| Untracked 
|  21|0x0000000743100000, 0x0000000743100000, 0x0000000743200000|  0%| F|  |TAMS 0x0000000743100000, 0x0000000743100000| Untracked 
|  22|0x0000000743200000, 0x0000000743200000, 0x0000000743300000|  0%| F|  |TAMS 0x0000000743200000, 0x0000000743200000| Untracked 
|  23|0x0000000743300000, 0x0000000743300000, 0x0000000743400000|  0%| F|  |TAMS 0x0000000743300000, 0x0000000743300000| Untracked 
|  24|0x0000000743400000, 0x0000000743400000, 0x0000000743500000|  0%| F|  |TAMS 0x0000000743400000, 0x0000000743400000| Untracked 
|  25|0x0000000743500000, 0x0000000743500000, 0x0000000743600000|  0%| F|  |TAMS 0x0000000743500000, 0x0000000743500000| Untracked 
|  26|0x0000000743600000, 0x0000000743600000, 0x0000000743700000|  0%| F|  |TAMS 0x0000000743600000, 0x0000000743600000| Untracked 
|  27|0x0000000743700000, 0x0000000743700000, 0x0000000743800000|  0%| F|  |TAMS 0x0000000743700000, 0x0000000743700000| Untracked 
|  28|0x0000000743800000, 0x0000000743800000, 0x0000000743900000|  0%| F|  |TAMS 0x0000000743800000, 0x0000000743800000| Untracked 
|  29|0x0000000743900000, 0x0000000743900000, 0x0000000743a00000|  0%| F|  |TAMS 0x0000000743900000, 0x0000000743900000| Untracked 
|  30|0x0000000743a00000, 0x0000000743a00000, 0x0000000743b00000|  0%| F|  |TAMS 0x0000000743a00000, 0x0000000743a00000| Untracked 
|  31|0x0000000743b00000, 0x0000000743b00000, 0x0000000743c00000|  0%| F|  |TAMS 0x0000000743b00000, 0x0000000743b00000| Untracked 
|  32|0x0000000743c00000, 0x0000000743c00000, 0x0000000743d00000|  0%| F|  |TAMS 0x0000000743c00000, 0x0000000743c00000| Untracked 
|  33|0x0000000743d00000, 0x0000000743d00000, 0x0000000743e00000|  0%| F|  |TAMS 0x0000000743d00000, 0x0000000743d00000| Untracked 
|  34|0x0000000743e00000, 0x0000000743e00000, 0x0000000743f00000|  0%| F|  |TAMS 0x0000000743e00000, 0x0000000743e00000| Untracked 
|  35|0x0000000743f00000, 0x0000000743f00000, 0x0000000744000000|  0%| F|  |TAMS 0x0000000743f00000, 0x0000000743f00000| Untracked 
|  36|0x0000000744000000, 0x0000000744000000, 0x0000000744100000|  0%| F|  |TAMS 0x0000000744000000, 0x0000000744000000| Untracked 
|  37|0x0000000744100000, 0x0000000744100000, 0x0000000744200000|  0%| F|  |TAMS 0x0000000744100000, 0x0000000744100000| Untracked 
|  38|0x0000000744200000, 0x0000000744200000, 0x0000000744300000|  0%| F|  |TAMS 0x0000000744200000, 0x0000000744200000| Untracked 
|  39|0x0000000744300000, 0x0000000744300000, 0x0000000744400000|  0%| F|  |TAMS 0x0000000744300000, 0x0000000744300000| Untracked 
|  40|0x0000000744400000, 0x0000000744400000, 0x0000000744500000|  0%| F|  |TAMS 0x0000000744400000, 0x0000000744400000| Untracked 
|  41|0x0000000744500000, 0x0000000744500000, 0x0000000744600000|  0%| F|  |TAMS 0x0000000744500000, 0x0000000744500000| Untracked 
|  42|0x0000000744600000, 0x0000000744600000, 0x0000000744700000|  0%| F|  |TAMS 0x0000000744600000, 0x0000000744600000| Untracked 
|  43|0x0000000744700000, 0x0000000744700000, 0x0000000744800000|  0%| F|  |TAMS 0x0000000744700000, 0x0000000744700000| Untracked 
|  44|0x0000000744800000, 0x0000000744800000, 0x0000000744900000|  0%| F|  |TAMS 0x0000000744800000, 0x0000000744800000| Untracked 
|  45|0x0000000744900000, 0x0000000744900000, 0x0000000744a00000|  0%| F|  |TAMS 0x0000000744900000, 0x0000000744900000| Untracked 
|  46|0x0000000744a00000, 0x0000000744a00000, 0x0000000744b00000|  0%| F|  |TAMS 0x0000000744a00000, 0x0000000744a00000| Untracked 
|  47|0x0000000744b00000, 0x0000000744b00000, 0x0000000744c00000|  0%| F|  |TAMS 0x0000000744b00000, 0x0000000744b00000| Untracked 
|  48|0x0000000744c00000, 0x0000000744c00000, 0x0000000744d00000|  0%| F|  |TAMS 0x0000000744c00000, 0x0000000744c00000| Untracked 
|  49|0x0000000744d00000, 0x0000000744d00000, 0x0000000744e00000|  0%| F|  |TAMS 0x0000000744d00000, 0x0000000744d00000| Untracked 
|  50|0x0000000744e00000, 0x0000000744e00000, 0x0000000744f00000|  0%| F|  |TAMS 0x0000000744e00000, 0x0000000744e00000| Untracked 
|  51|0x0000000744f00000, 0x0000000744f00000, 0x0000000745000000|  0%| F|  |TAMS 0x0000000744f00000, 0x0000000744f00000| Untracked 
|  52|0x0000000745000000, 0x0000000745000000, 0x0000000745100000|  0%| F|  |TAMS 0x0000000745000000, 0x0000000745000000| Untracked 
|  53|0x0000000745100000, 0x0000000745100000, 0x0000000745200000|  0%| F|  |TAMS 0x0000000745100000, 0x0000000745100000| Untracked 
|  54|0x0000000745200000, 0x0000000745200000, 0x0000000745300000|  0%| F|  |TAMS 0x0000000745200000, 0x0000000745200000| Untracked 
|  55|0x0000000745300000, 0x0000000745300000, 0x0000000745400000|  0%| F|  |TAMS 0x0000000745300000, 0x0000000745300000| Untracked 
|  56|0x0000000745400000, 0x0000000745400000, 0x0000000745500000|  0%| F|  |TAMS 0x0000000745400000, 0x0000000745400000| Untracked 
|  57|0x0000000745500000, 0x0000000745500000, 0x0000000745600000|  0%| F|  |TAMS 0x0000000745500000, 0x0000000745500000| Untracked 
|  58|0x0000000745600000, 0x0000000745600000, 0x0000000745700000|  0%| F|  |TAMS 0x0000000745600000, 0x0000000745600000| Untracked 
|  59|0x0000000745700000, 0x0000000745700000, 0x0000000745800000|  0%| F|  |TAMS 0x0000000745700000, 0x0000000745700000| Untracked 
|  60|0x0000000745800000, 0x0000000745800000, 0x0000000745900000|  0%| F|  |TAMS 0x0000000745800000, 0x0000000745800000| Untracked 
|  61|0x0000000745900000, 0x0000000745900000, 0x0000000745a00000|  0%| F|  |TAMS 0x0000000745900000, 0x0000000745900000| Untracked 
|  62|0x0000000745a00000, 0x0000000745a00000, 0x0000000745b00000|  0%| F|  |TAMS 0x0000000745a00000, 0x0000000745a00000| Untracked 
|  63|0x0000000745b00000, 0x0000000745b00000, 0x0000000745c00000|  0%| F|  |TAMS 0x0000000745b00000, 0x0000000745b00000| Untracked 
|  64|0x0000000745c00000, 0x0000000745c00000, 0x0000000745d00000|  0%| F|  |TAMS 0x0000000745c00000, 0x0000000745c00000| Untracked 
|  65|0x0000000745d00000, 0x0000000745d00000, 0x0000000745e00000|  0%| F|  |TAMS 0x0000000745d00000, 0x0000000745d00000| Untracked 
|  66|0x0000000745e00000, 0x0000000745e00000, 0x0000000745f00000|  0%| F|  |TAMS 0x0000000745e00000, 0x0000000745e00000| Untracked 
|  67|0x0000000745f00000, 0x0000000745f00000, 0x0000000746000000|  0%| F|  |TAMS 0x0000000745f00000, 0x0000000745f00000| Untracked 
|  68|0x0000000746000000, 0x0000000746000000, 0x0000000746100000|  0%| F|  |TAMS 0x0000000746000000, 0x0000000746000000| Untracked 
|  69|0x0000000746100000, 0x0000000746100000, 0x0000000746200000|  0%| F|  |TAMS 0x0000000746100000, 0x0000000746100000| Untracked 
|  70|0x0000000746200000, 0x0000000746200000, 0x0000000746300000|  0%| F|  |TAMS 0x0000000746200000, 0x0000000746200000| Untracked 
|  71|0x0000000746300000, 0x0000000746300000, 0x0000000746400000|  0%| F|  |TAMS 0x0000000746300000, 0x0000000746300000| Untracked 
|  72|0x0000000746400000, 0x0000000746400000, 0x0000000746500000|  0%| F|  |TAMS 0x0000000746400000, 0x0000000746400000| Untracked 
|  73|0x0000000746500000, 0x0000000746500000, 0x0000000746600000|  0%| F|  |TAMS 0x0000000746500000, 0x0000000746500000| Untracked 
|  74|0x0000000746600000, 0x0000000746600000, 0x0000000746700000|  0%| F|  |TAMS 0x0000000746600000, 0x0000000746600000| Untracked 
|  75|0x0000000746700000, 0x0000000746700000, 0x0000000746800000|  0%| F|  |TAMS 0x0000000746700000, 0x0000000746700000| Untracked 
|  76|0x0000000746800000, 0x0000000746800000, 0x0000000746900000|  0%| F|  |TAMS 0x0000000746800000, 0x0000000746800000| Untracked 
|  77|0x0000000746900000, 0x0000000746900000, 0x0000000746a00000|  0%| F|  |TAMS 0x0000000746900000, 0x0000000746900000| Untracked 
|  78|0x0000000746a00000, 0x0000000746a00000, 0x0000000746b00000|  0%| F|  |TAMS 0x0000000746a00000, 0x0000000746a00000| Untracked 
|  79|0x0000000746b00000, 0x0000000746b00000, 0x0000000746c00000|  0%| F|  |TAMS 0x0000000746b00000, 0x0000000746b00000| Untracked 
|  80|0x0000000746c00000, 0x0000000746c00000, 0x0000000746d00000|  0%| F|  |TAMS 0x0000000746c00000, 0x0000000746c00000| Untracked 
|  81|0x0000000746d00000, 0x0000000746d00000, 0x0000000746e00000|  0%| F|  |TAMS 0x0000000746d00000, 0x0000000746d00000| Untracked 
|  82|0x0000000746e00000, 0x0000000746e00000, 0x0000000746f00000|  0%| F|  |TAMS 0x0000000746e00000, 0x0000000746e00000| Untracked 
|  83|0x0000000746f00000, 0x0000000746f00000, 0x0000000747000000|  0%| F|  |TAMS 0x0000000746f00000, 0x0000000746f00000| Untracked 
|  84|0x0000000747000000, 0x0000000747000000, 0x0000000747100000|  0%| F|  |TAMS 0x0000000747000000, 0x0000000747000000| Untracked 
|  85|0x0000000747100000, 0x0000000747100000, 0x0000000747200000|  0%| F|  |TAMS 0x0000000747100000, 0x0000000747100000| Untracked 
|  86|0x0000000747200000, 0x0000000747200000, 0x0000000747300000|  0%| F|  |TAMS 0x0000000747200000, 0x0000000747200000| Untracked 
|  87|0x0000000747300000, 0x0000000747300000, 0x0000000747400000|  0%| F|  |TAMS 0x0000000747300000, 0x0000000747300000| Untracked 
|  88|0x0000000747400000, 0x0000000747400000, 0x0000000747500000|  0%| F|  |TAMS 0x0000000747400000, 0x0000000747400000| Untracked 
|  89|0x0000000747500000, 0x0000000747500000, 0x0000000747600000|  0%| F|  |TAMS 0x0000000747500000, 0x0000000747500000| Untracked 
|  90|0x0000000747600000, 0x0000000747600000, 0x0000000747700000|  0%| F|  |TAMS 0x0000000747600000, 0x0000000747600000| Untracked 
|  91|0x0000000747700000, 0x0000000747700000, 0x0000000747800000|  0%| F|  |TAMS 0x0000000747700000, 0x0000000747700000| Untracked 
|  92|0x0000000747800000, 0x0000000747800000, 0x0000000747900000|  0%| F|  |TAMS 0x0000000747800000, 0x0000000747800000| Untracked 
|  93|0x0000000747900000, 0x0000000747900000, 0x0000000747a00000|  0%| F|  |TAMS 0x0000000747900000, 0x0000000747900000| Untracked 
|  94|0x0000000747a00000, 0x0000000747a00000, 0x0000000747b00000|  0%| F|  |TAMS 0x0000000747a00000, 0x0000000747a00000| Untracked 
|  95|0x0000000747b00000, 0x0000000747b00000, 0x0000000747c00000|  0%| F|  |TAMS 0x0000000747b00000, 0x0000000747b00000| Untracked 
|  96|0x0000000747c00000, 0x0000000747c00000, 0x0000000747d00000|  0%| F|  |TAMS 0x0000000747c00000, 0x0000000747c00000| Untracked 
|  97|0x0000000747d00000, 0x0000000747d00000, 0x0000000747e00000|  0%| F|  |TAMS 0x0000000747d00000, 0x0000000747d00000| Untracked 
|  98|0x0000000747e00000, 0x0000000747e00000, 0x0000000747f00000|  0%| F|  |TAMS 0x0000000747e00000, 0x0000000747e00000| Untracked 
|  99|0x0000000747f00000, 0x0000000747f00000, 0x0000000748000000|  0%| F|  |TAMS 0x0000000747f00000, 0x0000000747f00000| Untracked 
| 100|0x0000000748000000, 0x0000000748000000, 0x0000000748100000|  0%| F|  |TAMS 0x0000000748000000, 0x0000000748000000| Untracked 
| 101|0x0000000748100000, 0x0000000748100000, 0x0000000748200000|  0%| F|  |TAMS 0x0000000748100000, 0x0000000748100000| Untracked 
| 102|0x0000000748200000, 0x0000000748200000, 0x0000000748300000|  0%| F|  |TAMS 0x0000000748200000, 0x0000000748200000| Untracked 
| 103|0x0000000748300000, 0x0000000748300000, 0x0000000748400000|  0%| F|  |TAMS 0x0000000748300000, 0x0000000748300000| Untracked 
| 104|0x0000000748400000, 0x0000000748400000, 0x0000000748500000|  0%| F|  |TAMS 0x0000000748400000, 0x0000000748400000| Untracked 
| 105|0x0000000748500000, 0x0000000748500000, 0x0000000748600000|  0%| F|  |TAMS 0x0000000748500000, 0x0000000748500000| Untracked 
| 106|0x0000000748600000, 0x0000000748600000, 0x0000000748700000|  0%| F|  |TAMS 0x0000000748600000, 0x0000000748600000| Untracked 
| 107|0x0000000748700000, 0x0000000748700000, 0x0000000748800000|  0%| F|  |TAMS 0x0000000748700000, 0x0000000748700000| Untracked 
| 108|0x0000000748800000, 0x0000000748800000, 0x0000000748900000|  0%| F|  |TAMS 0x0000000748800000, 0x0000000748800000| Untracked 
| 109|0x0000000748900000, 0x0000000748900000, 0x0000000748a00000|  0%| F|  |TAMS 0x0000000748900000, 0x0000000748900000| Untracked 
| 110|0x0000000748a00000, 0x0000000748a00000, 0x0000000748b00000|  0%| F|  |TAMS 0x0000000748a00000, 0x0000000748a00000| Untracked 
| 111|0x0000000748b00000, 0x0000000748b00000, 0x0000000748c00000|  0%| F|  |TAMS 0x0000000748b00000, 0x0000000748b00000| Untracked 
| 112|0x0000000748c00000, 0x0000000748c00000, 0x0000000748d00000|  0%| F|  |TAMS 0x0000000748c00000, 0x0000000748c00000| Untracked 
| 113|0x0000000748d00000, 0x0000000748d00000, 0x0000000748e00000|  0%| F|  |TAMS 0x0000000748d00000, 0x0000000748d00000| Untracked 
| 114|0x0000000748e00000, 0x0000000748e00000, 0x0000000748f00000|  0%| F|  |TAMS 0x0000000748e00000, 0x0000000748e00000| Untracked 
| 115|0x0000000748f00000, 0x0000000748f00000, 0x0000000749000000|  0%| F|  |TAMS 0x0000000748f00000, 0x0000000748f00000| Untracked 
| 116|0x0000000749000000, 0x0000000749000000, 0x0000000749100000|  0%| F|  |TAMS 0x0000000749000000, 0x0000000749000000| Untracked 
| 117|0x0000000749100000, 0x0000000749100000, 0x0000000749200000|  0%| F|  |TAMS 0x0000000749100000, 0x0000000749100000| Untracked 
| 118|0x0000000749200000, 0x0000000749200000, 0x0000000749300000|  0%| F|  |TAMS 0x0000000749200000, 0x0000000749200000| Untracked 
| 119|0x0000000749300000, 0x0000000749300000, 0x0000000749400000|  0%| F|  |TAMS 0x0000000749300000, 0x0000000749300000| Untracked 
| 120|0x0000000749400000, 0x0000000749400000, 0x0000000749500000|  0%| F|  |TAMS 0x0000000749400000, 0x0000000749400000| Untracked 
| 121|0x0000000749500000, 0x0000000749500000, 0x0000000749600000|  0%| F|  |TAMS 0x0000000749500000, 0x0000000749500000| Untracked 
| 122|0x0000000749600000, 0x0000000749600000, 0x0000000749700000|  0%| F|  |TAMS 0x0000000749600000, 0x0000000749600000| Untracked 
| 123|0x0000000749700000, 0x0000000749700000, 0x0000000749800000|  0%| F|  |TAMS 0x0000000749700000, 0x0000000749700000| Untracked 
| 124|0x0000000749800000, 0x0000000749800000, 0x0000000749900000|  0%| F|  |TAMS 0x0000000749800000, 0x0000000749800000| Untracked 
| 125|0x0000000749900000, 0x0000000749900000, 0x0000000749a00000|  0%| F|  |TAMS 0x0000000749900000, 0x0000000749900000| Untracked 
| 126|0x0000000749a00000, 0x0000000749a00000, 0x0000000749b00000|  0%| F|  |TAMS 0x0000000749a00000, 0x0000000749a00000| Untracked 
| 127|0x0000000749b00000, 0x0000000749b00000, 0x0000000749c00000|  0%| F|  |TAMS 0x0000000749b00000, 0x0000000749b00000| Untracked 
| 128|0x0000000749c00000, 0x0000000749c00000, 0x0000000749d00000|  0%| F|  |TAMS 0x0000000749c00000, 0x0000000749c00000| Untracked 
| 129|0x0000000749d00000, 0x0000000749d00000, 0x0000000749e00000|  0%| F|  |TAMS 0x0000000749d00000, 0x0000000749d00000| Untracked 
| 130|0x0000000749e00000, 0x0000000749e00000, 0x0000000749f00000|  0%| F|  |TAMS 0x0000000749e00000, 0x0000000749e00000| Untracked 
| 131|0x0000000749f00000, 0x0000000749f00000, 0x000000074a000000|  0%| F|  |TAMS 0x0000000749f00000, 0x0000000749f00000| Untracked 
| 132|0x000000074a000000, 0x000000074a000000, 0x000000074a100000|  0%| F|  |TAMS 0x000000074a000000, 0x000000074a000000| Untracked 
| 133|0x000000074a100000, 0x000000074a100000, 0x000000074a200000|  0%| F|  |TAMS 0x000000074a100000, 0x000000074a100000| Untracked 
| 134|0x000000074a200000, 0x000000074a200000, 0x000000074a300000|  0%| F|  |TAMS 0x000000074a200000, 0x000000074a200000| Untracked 
| 135|0x000000074a300000, 0x000000074a38acc8, 0x000000074a400000| 54%| S|CS|TAMS 0x000000074a300000, 0x000000074a300000| Complete 
| 136|0x000000074a400000, 0x000000074a500000, 0x000000074a500000|100%| S|CS|TAMS 0x000000074a400000, 0x000000074a400000| Complete 
| 137|0x000000074a500000, 0x000000074a600000, 0x000000074a600000|100%| S|CS|TAMS 0x000000074a500000, 0x000000074a500000| Complete 
| 138|0x000000074a600000, 0x000000074a700000, 0x000000074a700000|100%| S|CS|TAMS 0x000000074a600000, 0x000000074a600000| Complete 
| 139|0x000000074a700000, 0x000000074a800000, 0x000000074a800000|100%| S|CS|TAMS 0x000000074a700000, 0x000000074a700000| Complete 
| 140|0x000000074a800000, 0x000000074a800000, 0x000000074a900000|  0%| F|  |TAMS 0x000000074a800000, 0x000000074a800000| Untracked 
| 141|0x000000074a900000, 0x000000074a900000, 0x000000074aa00000|  0%| F|  |TAMS 0x000000074a900000, 0x000000074a900000| Untracked 
| 142|0x000000074aa00000, 0x000000074aa00000, 0x000000074ab00000|  0%| F|  |TAMS 0x000000074aa00000, 0x000000074aa00000| Untracked 
| 143|0x000000074ab00000, 0x000000074ab00000, 0x000000074ac00000|  0%| F|  |TAMS 0x000000074ab00000, 0x000000074ab00000| Untracked 
| 144|0x000000074ac00000, 0x000000074ac00000, 0x000000074ad00000|  0%| F|  |TAMS 0x000000074ac00000, 0x000000074ac00000| Untracked 
| 145|0x000000074ad00000, 0x000000074ad00000, 0x000000074ae00000|  0%| F|  |TAMS 0x000000074ad00000, 0x000000074ad00000| Untracked 
| 146|0x000000074ae00000, 0x000000074ae00000, 0x000000074af00000|  0%| F|  |TAMS 0x000000074ae00000, 0x000000074ae00000| Untracked 
| 147|0x000000074af00000, 0x000000074af00000, 0x000000074b000000|  0%| F|  |TAMS 0x000000074af00000, 0x000000074af00000| Untracked 
| 148|0x000000074b000000, 0x000000074b000000, 0x000000074b100000|  0%| F|  |TAMS 0x000000074b000000, 0x000000074b000000| Untracked 
| 149|0x000000074b100000, 0x000000074b100000, 0x000000074b200000|  0%| F|  |TAMS 0x000000074b100000, 0x000000074b100000| Untracked 
| 150|0x000000074b200000, 0x000000074b200000, 0x000000074b300000|  0%| F|  |TAMS 0x000000074b200000, 0x000000074b200000| Untracked 
| 151|0x000000074b300000, 0x000000074b300000, 0x000000074b400000|  0%| F|  |TAMS 0x000000074b300000, 0x000000074b300000| Untracked 
| 152|0x000000074b400000, 0x000000074b400000, 0x000000074b500000|  0%| F|  |TAMS 0x000000074b400000, 0x000000074b400000| Untracked 
| 153|0x000000074b500000, 0x000000074b500000, 0x000000074b600000|  0%| F|  |TAMS 0x000000074b500000, 0x000000074b500000| Untracked 
| 154|0x000000074b600000, 0x000000074b600000, 0x000000074b700000|  0%| F|  |TAMS 0x000000074b600000, 0x000000074b600000| Untracked 
| 155|0x000000074b700000, 0x000000074b700000, 0x000000074b800000|  0%| F|  |TAMS 0x000000074b700000, 0x000000074b700000| Untracked 
| 156|0x000000074b800000, 0x000000074b800000, 0x000000074b900000|  0%| F|  |TAMS 0x000000074b800000, 0x000000074b800000| Untracked 
| 157|0x000000074b900000, 0x000000074b900000, 0x000000074ba00000|  0%| F|  |TAMS 0x000000074b900000, 0x000000074b900000| Untracked 
| 158|0x000000074ba00000, 0x000000074ba00000, 0x000000074bb00000|  0%| F|  |TAMS 0x000000074ba00000, 0x000000074ba00000| Untracked 
| 159|0x000000074bb00000, 0x000000074bb00000, 0x000000074bc00000|  0%| F|  |TAMS 0x000000074bb00000, 0x000000074bb00000| Untracked 
| 160|0x000000074bc00000, 0x000000074bc00000, 0x000000074bd00000|  0%| F|  |TAMS 0x000000074bc00000, 0x000000074bc00000| Untracked 
| 161|0x000000074bd00000, 0x000000074bd00000, 0x000000074be00000|  0%| F|  |TAMS 0x000000074bd00000, 0x000000074bd00000| Untracked 
| 162|0x000000074be00000, 0x000000074be00000, 0x000000074bf00000|  0%| F|  |TAMS 0x000000074be00000, 0x000000074be00000| Untracked 
| 163|0x000000074bf00000, 0x000000074bf00000, 0x000000074c000000|  0%| F|  |TAMS 0x000000074bf00000, 0x000000074bf00000| Untracked 
| 164|0x000000074c000000, 0x000000074c000000, 0x000000074c100000|  0%| F|  |TAMS 0x000000074c000000, 0x000000074c000000| Untracked 
| 165|0x000000074c100000, 0x000000074c100000, 0x000000074c200000|  0%| F|  |TAMS 0x000000074c100000, 0x000000074c100000| Untracked 
| 166|0x000000074c200000, 0x000000074c200000, 0x000000074c300000|  0%| F|  |TAMS 0x000000074c200000, 0x000000074c200000| Untracked 
| 167|0x000000074c300000, 0x000000074c300000, 0x000000074c400000|  0%| F|  |TAMS 0x000000074c300000, 0x000000074c300000| Untracked 
| 168|0x000000074c400000, 0x000000074c400000, 0x000000074c500000|  0%| F|  |TAMS 0x000000074c400000, 0x000000074c400000| Untracked 
| 169|0x000000074c500000, 0x000000074c500000, 0x000000074c600000|  0%| F|  |TAMS 0x000000074c500000, 0x000000074c500000| Untracked 
| 170|0x000000074c600000, 0x000000074c600000, 0x000000074c700000|  0%| F|  |TAMS 0x000000074c600000, 0x000000074c600000| Untracked 
| 171|0x000000074c700000, 0x000000074c700000, 0x000000074c800000|  0%| F|  |TAMS 0x000000074c700000, 0x000000074c700000| Untracked 
| 172|0x000000074c800000, 0x000000074c800000, 0x000000074c900000|  0%| F|  |TAMS 0x000000074c800000, 0x000000074c800000| Untracked 
| 173|0x000000074c900000, 0x000000074c900000, 0x000000074ca00000|  0%| F|  |TAMS 0x000000074c900000, 0x000000074c900000| Untracked 
| 174|0x000000074ca00000, 0x000000074ca00000, 0x000000074cb00000|  0%| F|  |TAMS 0x000000074ca00000, 0x000000074ca00000| Untracked 
| 175|0x000000074cb00000, 0x000000074cb00000, 0x000000074cc00000|  0%| F|  |TAMS 0x000000074cb00000, 0x000000074cb00000| Untracked 
| 176|0x000000074cc00000, 0x000000074cc00000, 0x000000074cd00000|  0%| F|  |TAMS 0x000000074cc00000, 0x000000074cc00000| Untracked 
| 177|0x000000074cd00000, 0x000000074cd00000, 0x000000074ce00000|  0%| F|  |TAMS 0x000000074cd00000, 0x000000074cd00000| Untracked 
| 178|0x000000074ce00000, 0x000000074ce00000, 0x000000074cf00000|  0%| F|  |TAMS 0x000000074ce00000, 0x000000074ce00000| Untracked 
| 179|0x000000074cf00000, 0x000000074cf00000, 0x000000074d000000|  0%| F|  |TAMS 0x000000074cf00000, 0x000000074cf00000| Untracked 
| 180|0x000000074d000000, 0x000000074d000000, 0x000000074d100000|  0%| F|  |TAMS 0x000000074d000000, 0x000000074d000000| Untracked 
| 181|0x000000074d100000, 0x000000074d100000, 0x000000074d200000|  0%| F|  |TAMS 0x000000074d100000, 0x000000074d100000| Untracked 
| 182|0x000000074d200000, 0x000000074d200000, 0x000000074d300000|  0%| F|  |TAMS 0x000000074d200000, 0x000000074d200000| Untracked 
| 183|0x000000074d300000, 0x000000074d300000, 0x000000074d400000|  0%| F|  |TAMS 0x000000074d300000, 0x000000074d300000| Untracked 
| 184|0x000000074d400000, 0x000000074d400000, 0x000000074d500000|  0%| F|  |TAMS 0x000000074d400000, 0x000000074d400000| Untracked 
| 185|0x000000074d500000, 0x000000074d500000, 0x000000074d600000|  0%| F|  |TAMS 0x000000074d500000, 0x000000074d500000| Untracked 
| 186|0x000000074d600000, 0x000000074d600000, 0x000000074d700000|  0%| F|  |TAMS 0x000000074d600000, 0x000000074d600000| Untracked 
| 187|0x000000074d700000, 0x000000074d700000, 0x000000074d800000|  0%| F|  |TAMS 0x000000074d700000, 0x000000074d700000| Untracked 
| 188|0x000000074d800000, 0x000000074d800000, 0x000000074d900000|  0%| F|  |TAMS 0x000000074d800000, 0x000000074d800000| Untracked 
| 189|0x000000074d900000, 0x000000074d900000, 0x000000074da00000|  0%| F|  |TAMS 0x000000074d900000, 0x000000074d900000| Untracked 
| 190|0x000000074da00000, 0x000000074da00000, 0x000000074db00000|  0%| F|  |TAMS 0x000000074da00000, 0x000000074da00000| Untracked 
| 191|0x000000074db00000, 0x000000074db00000, 0x000000074dc00000|  0%| F|  |TAMS 0x000000074db00000, 0x000000074db00000| Untracked 

Card table byte_map: [0x000001c678400000,0x000001c678a00000] _byte_map_base: 0x000001c6749f2000

Marking Bits (Prev, Next): (CMBitMap*) 0x000001c66f836a60, (CMBitMap*) 0x000001c66f836a28
 Prev Bits: [0x000001c67bf90000, 0x000001c67ef20000)
 Next Bits: [0x000001c679000000, 0x000001c67bf90000)

Polling page: 0x000001c66d6f0000

Metaspace:

Usage:
  Non-class:     24.18 MB capacity,    23.74 MB ( 98%) used,   357.99 KB (  1%) free+waste,    91.19 KB ( <1%) overhead. 
      Class:      3.56 MB capacity,     3.20 MB ( 90%) used,   319.80 KB (  9%) free+waste,    46.00 KB (  1%) overhead. 
       Both:     27.73 MB capacity,    26.94 MB ( 97%) used,   677.79 KB (  2%) free+waste,   137.19 KB ( <1%) overhead. 

Virtual space:
  Non-class space:       26.00 MB reserved,      24.25 MB ( 93%) committed 
      Class space:        1.00 GB reserved,       3.63 MB ( <1%) committed 
             Both:        1.03 GB reserved,      27.88 MB (  3%) committed 

Chunk freelists:
   Non-Class:  11.00 KB
       Class:  6.00 KB
        Both:  17.00 KB

CodeHeap 'non-profiled nmethods': size=120064Kb used=855Kb max_used=855Kb free=119209Kb
 bounds [0x000001c607ac0000, 0x000001c607d30000, 0x000001c60f000000]
CodeHeap 'profiled nmethods': size=120000Kb used=4253Kb max_used=4253Kb free=115746Kb
 bounds [0x000001c600590000, 0x000001c6009c0000, 0x000001c607ac0000]
CodeHeap 'non-nmethods': size=5696Kb used=1142Kb max_used=1155Kb free=4554Kb
 bounds [0x000001c600000000, 0x000001c600270000, 0x000001c600590000]
 total_blobs=3181 nmethods=2073 adapters=369
 compilation: enabled
              stopped_count=0, restarted_count=0
 full_count=0

Compilation events (10 events):
Event: 3.275 Thread 0x000001c611035800 2266       3       java.lang.reflect.AccessibleObject::checkCanSetAccessible (386 bytes)
Event: 3.280 Thread 0x000001c611035800 nmethod 2266 0x000001c6009b3690 code [0x000001c6009b3e80, 0x000001c6009b8310]
Event: 3.283 Thread 0x000001c611035800 2267       3       org.springframework.core.ResolvableType::resolveType (151 bytes)
Event: 3.284 Thread 0x000001c611035800 nmethod 2267 0x000001c6009b9910 code [0x000001c6009b9c00, 0x000001c6009bb020]
Event: 3.284 Thread 0x000001c611035800 2268       3       java.lang.Integer::compare (20 bytes)
Event: 3.284 Thread 0x000001c611035800 nmethod 2268 0x000001c60082f790 code [0x000001c60082f940, 0x000001c60082fb38]
Event: 3.291 Thread 0x000001c611035800 2269       3       ch.qos.logback.classic.Logger::isTraceEnabled (77 bytes)
Event: 3.292 Thread 0x000001c611035800 nmethod 2269 0x000001c6009bb410 code [0x000001c6009bb6e0, 0x000001c6009bc5a0]
Event: 3.293 Thread 0x000001c611035800 2270       3       java.util.Arrays::equals (43 bytes)
Event: 3.294 Thread 0x000001c611035800 nmethod 2270 0x000001c6009bca90 code [0x000001c6009bcc60, 0x000001c6009bcf50]

GC Heap History (9 events):
Event: 0.399 GC heap before
{Heap before GC invocations=0 (full 0):
 garbage-first heap   total 196608K, used 14336K [0x0000000741c00000, 0x0000000800000000)
  region size 1024K, 14 young (14336K), 0 survivors (0K)
 Metaspace       used 9224K, capacity 9403K, committed 9728K, reserved 1058816K
  class space    used 829K, capacity 908K, committed 1024K, reserved 1048576K
}
Event: 0.417 GC heap after
{Heap after GC invocations=1 (full 0):
 garbage-first heap   total 196608K, used 6447K [0x0000000741c00000, 0x0000000800000000)
  region size 1024K, 2 young (2048K), 2 survivors (2048K)
 Metaspace       used 9224K, capacity 9403K, committed 9728K, reserved 1058816K
  class space    used 829K, capacity 908K, committed 1024K, reserved 1048576K
}
Event: 0.735 GC heap before
{Heap before GC invocations=1 (full 0):
 garbage-first heap   total 196608K, used 13615K [0x0000000741c00000, 0x0000000800000000)
  region size 1024K, 9 young (9216K), 2 survivors (2048K)
 Metaspace       used 10804K, capacity 11063K, committed 11136K, reserved 1058816K
  class space    used 1022K, capacity 1105K, committed 1152K, reserved 1048576K
}
Event: 0.737 GC heap after
{Heap after GC invocations=2 (full 0):
 garbage-first heap   total 196608K, used 7665K [0x0000000741c00000, 0x0000000800000000)
  region size 1024K, 1 young (1024K), 1 survivors (1024K)
 Metaspace       used 10804K, capacity 11063K, committed 11136K, reserved 1058816K
  class space    used 1022K, capacity 1105K, committed 1152K, reserved 1048576K
}
Event: 1.550 GC heap before
{Heap before GC invocations=2 (full 0):
 garbage-first heap   total 196608K, used 30193K [0x0000000741c00000, 0x0000000800000000)
  region size 1024K, 23 young (23552K), 1 survivors (1024K)
 Metaspace       used 15246K, capacity 15759K, committed 15872K, reserved 1062912K
  class space    used 1595K, capacity 1784K, committed 1792K, reserved 1048576K
}
Event: 1.554 GC heap after
{Heap after GC invocations=3 (full 0):
 garbage-first heap   total 196608K, used 8617K [0x0000000741c00000, 0x0000000800000000)
  region size 1024K, 2 young (2048K), 2 survivors (2048K)
 Metaspace       used 15246K, capacity 15759K, committed 15872K, reserved 1062912K
  class space    used 1595K, capacity 1784K, committed 1792K, reserved 1048576K
}
Event: 2.496 GC heap before
{Heap before GC invocations=3 (full 0):
 garbage-first heap   total 196608K, used 39337K [0x0000000741c00000, 0x0000000800000000)
  region size 1024K, 34 young (34816K), 2 survivors (2048K)
 Metaspace       used 20497K, capacity 21116K, committed 21248K, reserved 1069056K
  class space    used 2238K, capacity 2485K, committed 2560K, reserved 1048576K
}
Event: 2.502 GC heap after
{Heap after GC invocations=4 (full 0):
 garbage-first heap   total 196608K, used 9830K [0x0000000741c00000, 0x0000000800000000)
  region size 1024K, 3 young (3072K), 3 survivors (3072K)
 Metaspace       used 20497K, capacity 21116K, committed 21248K, reserved 1069056K
  class space    used 2238K, capacity 2485K, committed 2560K, reserved 1048576K
}
Event: 3.301 GC heap before
{Heap before GC invocations=5 (full 0):
 garbage-first heap   total 196608K, used 60006K [0x0000000741c00000, 0x0000000800000000)
  region size 1024K, 52 young (53248K), 3 survivors (3072K)
 Metaspace       used 27584K, capacity 28399K, committed 28544K, reserved 1075200K
  class space    used 3276K, capacity 3642K, committed 3712K, reserved 1048576K
}

Deoptimization events (10 events):
Event: 3.005 Thread 0x000001c611f89000 DEOPT PACKING pc=0x000001c607b1d67c sp=0x00000063a0ffe980
Event: 3.005 Thread 0x000001c611f89000 DEOPT UNPACKING pc=0x000001c6000291af sp=0x00000063a0ffe920 mode 2
Event: 3.110 Thread 0x000001c611f89000 Uncommon trap: trap_request=0xffffff4d fr.pc=0x000001c607b209d8 relative=0x00000000000004b8
Event: 3.110 Thread 0x000001c66f7e5000 Uncommon trap: trap_request=0xffffff4d fr.pc=0x000001c607b209d8 relative=0x00000000000004b8
Event: 3.110 Thread 0x000001c611f89000 Uncommon trap: reason=unstable_if action=reinterpret pc=0x000001c607b209d8 method=jdk.internal.org.objectweb.asm.Type.getArgumentsAndReturnSizes(Ljava/lang/String;)I @ 130 c2
Event: 3.110 Thread 0x000001c66f7e5000 Uncommon trap: reason=unstable_if action=reinterpret pc=0x000001c607b209d8 method=jdk.internal.org.objectweb.asm.Type.getArgumentsAndReturnSizes(Ljava/lang/String;)I @ 130 c2
Event: 3.110 Thread 0x000001c611f89000 DEOPT PACKING pc=0x000001c607b209d8 sp=0x00000063a0ffd590
Event: 3.110 Thread 0x000001c66f7e5000 DEOPT PACKING pc=0x000001c607b209d8 sp=0x000000639fcf8500
Event: 3.110 Thread 0x000001c611f89000 DEOPT UNPACKING pc=0x000001c6000291af sp=0x00000063a0ffd528 mode 2
Event: 3.110 Thread 0x000001c66f7e5000 DEOPT UNPACKING pc=0x000001c6000291af sp=0x000000639fcf8498 mode 2

Classes redefined (0 events):
No events

Internal exceptions (10 events):
Event: 2.752 Thread 0x000001c66f7e5000 Exception <a 'java/lang/NoSuchMethodError'{0x000000074cc94c20}: 'void java.lang.invoke.DirectMethodHandle$Holder.invokeStaticInit(java.lang.Object, java.lang.Object)'> (0x000000074cc94c20) thrown at [c:/tools/cygwin/home/Administrator/development/Corretto
Event: 3.091 Thread 0x000001c611f89000 Exception <a 'java/lang/NoSuchMethodError'{0x000000074b40a968}: 'java.lang.Object java.lang.invoke.DirectMethodHandle$Holder.invokeStaticInit(java.lang.Object, java.lang.Object, java.lang.Object, java.lang.Object, java.lang.Object)'> (0x000000074b40a968) 
Event: 3.103 Thread 0x000001c66f7e5000 Exception <a 'java/lang/NoSuchMethodError'{0x000000074b48a140}: 'java.lang.Object java.lang.invoke.DirectMethodHandle$Holder.invokeStatic(java.lang.Object, java.lang.Object, java.lang.Object, java.lang.Object, java.lang.Object, java.lang.Object, java.lang
Event: 3.105 Thread 0x000001c66f7e5000 Exception <a 'java/lang/NoSuchMethodError'{0x000000074b4985b0}: 'java.lang.Object java.lang.invoke.DirectMethodHandle$Holder.invokeStatic(java.lang.Object, java.lang.Object, java.lang.Object, java.lang.Object, java.lang.Object, java.lang.Object, java.lang
Event: 3.107 Thread 0x000001c66f7e5000 Exception <a 'java/lang/NoSuchMethodError'{0x000000074b4a6a18}: 'java.lang.Object java.lang.invoke.DirectMethodHandle$Holder.invokeSpecial(java.lang.Object, java.lang.Object, int, int, java.lang.Object, java.lang.Object, java.lang.Object, java.lang.Object
Event: 3.107 Thread 0x000001c611f89000 Exception <a 'java/lang/NoSuchMethodError'{0x000000074b4f6e60}: 'java.lang.Object java.lang.invoke.DirectMethodHandle$Holder.invokeSpecial(java.lang.Object, java.lang.Object, int, int, java.lang.Object, java.lang.Object, java.lang.Object)'> (0x000000074b4
Event: 3.107 Thread 0x000001c66f7e5000 Exception <a 'java/lang/NoSuchMethodError'{0x000000074b4aa6a0}: 'java.lang.Object java.lang.invoke.DelegatingMethodHandle$Holder.reinvoke_L(java.lang.Object, int, int, java.lang.Object, java.lang.Object, java.lang.Object, java.lang.Object)'> (0x000000074b
Event: 3.107 Thread 0x000001c611f89000 Exception <a 'java/lang/NoSuchMethodError'{0x000000074b4fa3f0}: 'java.lang.Object java.lang.invoke.DelegatingMethodHandle$Holder.reinvoke_L(java.lang.Object, int, int, java.lang.Object, java.lang.Object, java.lang.Object)'> (0x000000074b4fa3f0) thrown at 
Event: 3.108 Thread 0x000001c611f89000 Exception <a 'java/lang/NoSuchMethodError'{0x000000074b4fe2d0}: 'java.lang.Object java.lang.invoke.DirectMethodHandle$Holder.invokeStatic(java.lang.Object, java.lang.Object, java.lang.Object, java.lang.Object, int)'> (0x000000074b4fe2d0) thrown at [c:/too
Event: 3.120 Thread 0x000001c66f7e5000 Exception <a 'java/io/FileNotFoundException'{0x000000074b20fcd0}> (0x000000074b20fcd0) thrown at [c:/tools/cygwin/home/Administrator/development/Corretto11Src/src/src/hotspot/share/prims/jni.cpp, line 615]

Events (10 events):
Event: 3.297 loading class org/springframework/expression/ExpressionParser done
Event: 3.298 loading class org/springframework/context/expression/StandardBeanExpressionResolver$1
Event: 3.298 loading class org/springframework/context/expression/StandardBeanExpressionResolver$1 done
Event: 3.298 loading class org/springframework/expression/spel/standard/SpelExpressionParser
Event: 3.298 loading class org/springframework/expression/spel/standard/SpelExpressionParser done
Event: 3.299 loading class org/springframework/expression/common/TemplateAwareExpressionParser
Event: 3.299 loading class org/springframework/expression/common/TemplateAwareExpressionParser done
Event: 3.299 loading class com/fasterxml/jackson/core/TSFBuilder
Event: 3.299 loading class com/fasterxml/jackson/core/TSFBuilder done
Event: 3.299 Executing VM operation: G1CollectForAllocation


Dynamic libraries:
0x00007ff7b95d0000 - 0x00007ff7b9616000 	C:\Program Files\Amazon Corretto\jdk11.0.4_10\bin\java.exe
0x00007ff985260000 - 0x00007ff985450000 	C:\WINDOWS\SYSTEM32\ntdll.dll
0x00007ff984a20000 - 0x00007ff984ad2000 	C:\WINDOWS\System32\KERNEL32.DLL
0x00007ff982220000 - 0x00007ff9824c3000 	C:\WINDOWS\System32\KERNELBASE.dll
0x00007ff984e80000 - 0x00007ff985014000 	C:\WINDOWS\System32\USER32.dll
0x00007ff9821f0000 - 0x00007ff982211000 	C:\WINDOWS\System32\win32u.dll
0x00007ff983510000 - 0x00007ff983536000 	C:\WINDOWS\System32\GDI32.dll
0x00007ff9827f0000 - 0x00007ff982984000 	C:\WINDOWS\System32\gdi32full.dll
0x00007ff982750000 - 0x00007ff9827ee000 	C:\WINDOWS\System32\msvcp_win.dll
0x00007ff983210000 - 0x00007ff98330a000 	C:\WINDOWS\System32\ucrtbase.dll
0x00007ff9778e0000 - 0x00007ff977b65000 	C:\WINDOWS\WinSxS\amd64_microsoft.windows.common-controls_6595b64144ccf1df_6.0.18362.592_none_e6c0b1911312be02\COMCTL32.dll
0x00007ff9833c0000 - 0x00007ff98345e000 	C:\WINDOWS\System32\msvcrt.dll
0x00007ff984b40000 - 0x00007ff984e76000 	C:\WINDOWS\System32\combase.dll
0x00007ff985100000 - 0x00007ff985220000 	C:\WINDOWS\System32\RPCRT4.dll
0x00007ff9826d0000 - 0x00007ff982750000 	C:\WINDOWS\System32\bcryptPrimitives.dll
0x00007ff9834e0000 - 0x00007ff98350e000 	C:\WINDOWS\System32\IMM32.DLL
0x00007ff970580000 - 0x00007ff970595000 	C:\Program Files\Amazon Corretto\jdk11.0.4_10\bin\vcruntime140.dll
0x00007ff953940000 - 0x00007ff9539db000 	C:\Program Files\Amazon Corretto\jdk11.0.4_10\bin\msvcp140.dll
0x00007ff93f310000 - 0x00007ff93fdc5000 	C:\Program Files\Amazon Corretto\jdk11.0.4_10\bin\server\jvm.dll
0x00007ff983810000 - 0x00007ff9838b3000 	C:\WINDOWS\System32\ADVAPI32.dll
0x00007ff983770000 - 0x00007ff983807000 	C:\WINDOWS\System32\sechost.dll
0x00007ff9850f0000 - 0x00007ff9850f8000 	C:\WINDOWS\System32\PSAPI.DLL
0x00007ff980180000 - 0x00007ff9801a4000 	C:\WINDOWS\SYSTEM32\WINMM.dll
0x00007ff96ccc0000 - 0x00007ff96ccc9000 	C:\WINDOWS\SYSTEM32\WSOCK32.dll
0x00007ff97a640000 - 0x00007ff97a64a000 	C:\WINDOWS\SYSTEM32\VERSION.dll
0x00007ff983ad0000 - 0x00007ff983b3f000 	C:\WINDOWS\System32\WS2_32.dll
0x00007ff980150000 - 0x00007ff98017d000 	C:\WINDOWS\SYSTEM32\winmmbase.dll
0x00007ff982990000 - 0x00007ff9829da000 	C:\WINDOWS\System32\cfgmgr32.dll
0x00007ff982160000 - 0x00007ff982171000 	C:\WINDOWS\System32\kernel.appcore.dll
0x00007ff97ba60000 - 0x00007ff97ba70000 	C:\Program Files\Amazon Corretto\jdk11.0.4_10\bin\verify.dll
0x00007ff973a80000 - 0x00007ff973c74000 	C:\WINDOWS\SYSTEM32\DBGHELP.DLL
0x00007ff973870000 - 0x00007ff97389a000 	C:\WINDOWS\SYSTEM32\dbgcore.DLL
0x00007ff970550000 - 0x00007ff970578000 	C:\Program Files\Amazon Corretto\jdk11.0.4_10\bin\java.dll
0x00007ff967410000 - 0x00007ff967426000 	C:\Program Files\Amazon Corretto\jdk11.0.4_10\bin\zip.dll
0x00007ff970540000 - 0x00007ff97054a000 	C:\Program Files\Amazon Corretto\jdk11.0.4_10\bin\jimage.dll
0x00007ff983eb0000 - 0x00007ff984595000 	C:\WINDOWS\System32\SHELL32.dll
0x00007ff983310000 - 0x00007ff9833b9000 	C:\WINDOWS\System32\shcore.dll
0x00007ff982a90000 - 0x00007ff98320f000 	C:\WINDOWS\System32\windows.storage.dll
0x00007ff982140000 - 0x00007ff98215f000 	C:\WINDOWS\System32\profapi.dll
0x00007ff9821a0000 - 0x00007ff9821ea000 	C:\WINDOWS\System32\powrprof.dll
0x00007ff982130000 - 0x00007ff982140000 	C:\WINDOWS\System32\UMPDC.dll
0x00007ff9838c0000 - 0x00007ff983912000 	C:\WINDOWS\System32\shlwapi.dll
0x00007ff982a70000 - 0x00007ff982a87000 	C:\WINDOWS\System32\cryptsp.dll
0x00007ff95e890000 - 0x00007ff95e8a9000 	C:\Program Files\Amazon Corretto\jdk11.0.4_10\bin\net.dll
0x00007ff978670000 - 0x00007ff978760000 	C:\WINDOWS\SYSTEM32\WINHTTP.dll
0x00007ff976f30000 - 0x00007ff977106000 	C:\WINDOWS\SYSTEM32\urlmon.dll
0x00007ff974630000 - 0x00007ff9748d6000 	C:\WINDOWS\SYSTEM32\iertutil.dll
0x00007ff981b10000 - 0x00007ff981b1c000 	C:\WINDOWS\SYSTEM32\CRYPTBASE.DLL
0x00007ff981940000 - 0x00007ff9819a7000 	C:\WINDOWS\system32\mswsock.dll
0x00007ff953920000 - 0x00007ff953932000 	C:\Program Files\Amazon Corretto\jdk11.0.4_10\bin\nio.dll
0x00007ff968bc0000 - 0x00007ff968bc9000 	C:\Program Files\Amazon Corretto\jdk11.0.4_10\bin\management.dll
0x00007ff9676c0000 - 0x00007ff9676cb000 	C:\Program Files\Amazon Corretto\jdk11.0.4_10\bin\management_ext.dll
0x00007ff971390000 - 0x00007ff9713a6000 	C:\WINDOWS\system32\napinsp.dll
0x00007ff971370000 - 0x00007ff97138a000 	C:\WINDOWS\system32\pnrpnsp.dll
0x00007ff981690000 - 0x00007ff98175a000 	C:\WINDOWS\SYSTEM32\DNSAPI.dll
0x00007ff9845a0000 - 0x00007ff9845a8000 	C:\WINDOWS\System32\NSI.dll
0x00007ff981650000 - 0x00007ff98168a000 	C:\WINDOWS\SYSTEM32\IPHLPAPI.DLL
0x00007ff971360000 - 0x00007ff97136e000 	C:\WINDOWS\System32\winrnr.dll
0x00007ff97e940000 - 0x00007ff97e95c000 	C:\WINDOWS\system32\NLAapi.dll
0x00007ff971300000 - 0x00007ff971315000 	C:\WINDOWS\system32\wshbth.dll
0x00007ff978290000 - 0x00007ff97829a000 	C:\Windows\System32\rasadhlp.dll
0x00007ff97c8c0000 - 0x00007ff97c937000 	C:\WINDOWS\System32\fwpuclnt.dll
0x00007ff982a40000 - 0x00007ff982a66000 	C:\WINDOWS\System32\bcrypt.dll

dbghelp: loaded successfully - version: 4.0.5 - missing functions: none
symbol engine: initialized successfully - sym options: 0x614 - pdb path: .;C:\Program Files\Amazon Corretto\jdk11.0.4_10\bin;C:\WINDOWS\SYSTEM32;C:\WINDOWS\WinSxS\amd64_microsoft.windows.common-controls_6595b64144ccf1df_6.0.18362.592_none_e6c0b1911312be02;C:\Program Files\Amazon Corretto\jdk11.0.4_10\bin\server

VM Arguments:
java_command: C:\Users\Victor\AppData\Local\Temp\surefire13882554316220833943\surefirebooter16569995048725667462.jar C:\Users\Victor\AppData\Local\Temp\surefire13882554316220833943 2020-02-11T18-51-28_034-jvmRun1 surefire11571546485242901216tmp surefire_011926857902713381302tmp
java_class_path (initial): C:\Users\Victor\AppData\Local\Temp\surefire13882554316220833943\surefirebooter16569995048725667462.jar
Launcher Type: SUN_STANDARD

[Global flags]
     intx CICompilerCount                          = 3                                         {product} {ergonomic}
     uint ConcGCThreads                            = 1                                         {product} {ergonomic}
     uint G1ConcRefinementThreads                  = 4                                         {product} {ergonomic}
   size_t G1HeapRegionSize                         = 1048576                                   {product} {ergonomic}
    uintx GCDrainStackTargetSize                   = 64                                        {product} {ergonomic}
   size_t InitialHeapSize                          = 201326592                                 {product} {ergonomic}
   size_t MarkStackSize                            = 4194304                                   {product} {ergonomic}
   size_t MaxHeapSize                              = 3191865344                                {product} {ergonomic}
   size_t MaxNewSize                               = 1914699776                                {product} {ergonomic}
   size_t MinHeapDeltaBytes                        = 1048576                                   {product} {ergonomic}
    uintx NonNMethodCodeHeapSize                   = 5830092                                {pd product} {ergonomic}
    uintx NonProfiledCodeHeapSize                  = 122914074                              {pd product} {ergonomic}
    uintx ProfiledCodeHeapSize                     = 122914074                              {pd product} {ergonomic}
    uintx ReservedCodeCacheSize                    = 251658240                              {pd product} {ergonomic}
     bool SegmentedCodeCache                       = true                                      {product} {ergonomic}
     bool UseCompressedClassPointers               = true                                 {lp64_product} {ergonomic}
     bool UseCompressedOops                        = true                                 {lp64_product} {ergonomic}
     bool UseG1GC                                  = true                                      {product} {ergonomic}
     bool UseLargePagesIndividualAllocation        = false                                  {pd product} {ergonomic}

Logging:
Log output configuration:
 #0: stdout all=warning uptime,level,tags
 #1: stderr all=off uptime,level,tags

Environment Variables:
JAVA_HOME=C:\Program Files\Amazon Corretto\jdk11.0.4_10
PATH=C:\Program Files\Amazon Corretto\jdk11.0.4_10\bin;C:\WINDOWS\system32;C:\WINDOWS;C:\WINDOWS\System32\Wbem;C:\WINDOWS\System32\WindowsPowerShell\v1.0\;C:\WINDOWS\System32\OpenSSH\;C:\Program Files\Git\cmd;C:\Program Files\Microsoft VS Code\bin;C:\Program Files\PowerShell\6\;C:\ProgramData\chocolatey\bin;C:\Program Files\nodejs\;C:\Program Files\PuTTY\;C:\Program Files\nodejs;C:\Users\Victor\AppData\Local\GitHubDesktop\bin;C:\Program Files\Microsoft VS Code\bin;C:\Victor\Dev\flutter\bin;C:\Victor\Dev\flutter\bin\cache\dart-sdk\bin;;C:\Users\Victor\AppData\Local\Microsoft\WindowsApps;C:\Users\Victor\AppData\Roaming\npm;C:\Program Files\JetBrains\IntelliJ IDEA 2019.3.2\bin;
USERNAME=Victor
OS=Windows_NT
PROCESSOR_IDENTIFIER=Intel64 Family 6 Model 69 Stepping 1, GenuineIntel



---------------  S Y S T E M  ---------------

OS: Windows 10 , 64 bit Build 18362 (10.0.18362.329)

CPU:total 4 (initial active 4) (2 cores per cpu, 2 threads per core) family 6 model 69 stepping 1, cmov, cx8, fxsr, mmx, sse, sse2, sse3, ssse3, sse4.1, sse4.2, popcnt, avx, avx2, aes, clmul, erms, lzcnt, ht, tsc, tscinvbit, bmi1, bmi2, fma

Memory: 4k page, system-wide physical 12168M (1830M free)
TotalPageFile size 15918M (AvailPageFile size 22M)
current process WorkingSet (physical memory assigned to process): 154M, peak: 154M
current process commit charge ("private bytes"): 318M, peak: 368M

vm_info: OpenJDK 64-Bit Server VM (11.0.4+11-LTS) for windows-amd64 JRE (11.0.4+11-LTS), built on Jul 11 2019 21:08:18 by "Administrator" with unknown MS VC++:1916

END.
